  [1m[36m (44.8ms)[0m  [1mCREATE TABLE `schema_migrations` (`version` varchar(255) NOT NULL) ENGINE=InnoDB[0m
  [1m[35m (36.7ms)[0m  CREATE UNIQUE INDEX `unique_schema_migrations`  ON `schema_migrations` (`version`) 
  [1m[36mActiveRecord::SchemaMigration Load (1.9ms)[0m  [1mSELECT `schema_migrations`.* FROM `schema_migrations`[0m
Migrating to SorceryCore (20160403081513)
DEPRECATION WARNING: `#timestamps` was called without specifying an option for `null`. In Rails 5, this behavior will change to `null: false`. You should manually specify `null: true` to prevent the behavior of your existing migrations from changing. (called from block in change at /Users/bingneef/Documents/Github/apps/games/riddle/rails-server/db/migrate/20160403081513_sorcery_core.rb:8)
  [1m[35m (25.5ms)[0m  CREATE TABLE `users` (`id` int(11) auto_increment PRIMARY KEY, `email` varchar(255) NOT NULL, `crypted_password` varchar(255), `salt` varchar(255), `created_at` datetime, `updated_at` datetime) ENGINE=InnoDB
  [1m[36m (24.2ms)[0m  [1mCREATE UNIQUE INDEX `index_users_on_email`  ON `users` (`email`) [0m
  [1m[35m (0.2ms)[0m  BEGIN
  [1m[36mSQL (0.4ms)[0m  [1mINSERT INTO `schema_migrations` (`version`) VALUES ('20160403081513')[0m
  [1m[35m (6.0ms)[0m  COMMIT
  [1m[36mActiveRecord::SchemaMigration Load (5.5ms)[0m  [1mSELECT `schema_migrations`.* FROM `schema_migrations`[0m
  [1m[35m (2.0ms)[0m  SELECT fk.referenced_table_name as 'to_table'
      ,fk.referenced_column_name as 'primary_key'
      ,fk.column_name as 'column'
      ,fk.constraint_name as 'name'
FROM information_schema.key_column_usage fk
WHERE fk.referenced_column_name is not null
  AND fk.table_schema = 'rails_server_development'
  AND fk.table_name = 'users'

  [1m[36m (0.2ms)[0m  [1mSHOW CREATE TABLE `users`[0m
  [1m[36mActiveRecord::SchemaMigration Load (0.3ms)[0m  [1mSELECT `schema_migrations`.* FROM `schema_migrations`[0m
  [1m[35m (0.2ms)[0m  BEGIN
  [1m[36mUser Exists (12.5ms)[0m  [1mSELECT  1 AS one FROM `users` WHERE `users`.`email` = BINARY 'bingsteup@gmail.com' LIMIT 1[0m
  [1m[35mSQL (6.1ms)[0m  INSERT INTO `users` (`email`, `salt`, `crypted_password`, `created_at`, `updated_at`) VALUES ('bingsteup@gmail.com', '1xxquKve5kLqxJANFsYN', '$2a$10$y33amymJhwiNp5r9HzNTquFQScnqWfvq9An4.XuOWmgZH0nZeV8gW', '2016-04-03 08:16:46', '2016-04-03 08:16:46')
  [1m[36m (5.7ms)[0m  [1mCOMMIT[0m
